<?xml version="1.0" encoding="UTF-8"?>
<testng-results skipped="0" failed="0" ignored="0" total="1" passed="1">
  <reporter-output>
  </reporter-output>
  <suite name="Default Suite" duration-ms="26" started-at="2021-12-25T23:19:18 EST" finished-at="2021-12-25T23:19:18 EST">
    <groups>
    </groups>
    <test name="TestNgDemo_Maven" duration-ms="26" started-at="2021-12-25T23:19:18 EST" finished-at="2021-12-25T23:19:18 EST">
      <class name="TestCases">
        <test-method status="PASS" signature="test1()[pri:0, instance:TestCases@36d4b5c]" name="test1" duration-ms="3" started-at="2021-12-25T23:19:18 EST" finished-at="2021-12-25T23:19:18 EST">
          <reporter-output>
          </reporter-output>
        </test-method> <!-- test1 -->
      </class> <!-- TestCases -->
    </test> <!-- TestNgDemo_Maven -->
  </suite> <!-- Default Suite -->
</testng-results>
